<?xml version="1.0" encoding="UTF-8"?>
<testng-results skipped="0" failed="1" ignored="0" total="2" passed="1">
  <reporter-output>
  </reporter-output>
  <suite name="Suite" duration-ms="34783" started-at="2020-06-14T18:11:06 IST" finished-at="2020-06-14T18:11:41 IST">
    <groups>
    </groups>
    <test name="Test1" duration-ms="34783" started-at="2020-06-14T18:11:06 IST" finished-at="2020-06-14T18:11:41 IST">
      <class name="toDelete.BStack_test">
        <test-method status="PASS" signature="bf()[pri:0, instance:toDelete.BStack_test@1ed4004b]" name="bf" is-config="true" duration-ms="19073" started-at="2020-06-14T18:11:06 IST" finished-at="2020-06-14T18:11:26 IST">
          <reporter-output>
          </reporter-output>
        </test-method> <!-- bf -->
        <test-method status="FAIL" signature="t1()[pri:0, instance:toDelete.BStack_test@1ed4004b]" name="t1" duration-ms="4250" started-at="2020-06-14T18:11:26 IST" finished-at="2020-06-14T18:11:30 IST">
          <exception class="java.lang.AssertionError">
            <message>
              <![CDATA[did not expect to find [true] but found [false]]]>
            </message>
            <full-stacktrace>
              <![CDATA[java.lang.AssertionError: did not expect to find [true] but found [false]
at org.testng.Assert.fail(Assert.java:97)
at org.testng.Assert.failNotEquals(Assert.java:969)
at org.testng.Assert.assertTrue(Assert.java:43)
at org.testng.Assert.assertTrue(Assert.java:53)
at toDelete.BStack_test.t1(BStack_test.java:62)
at sun.reflect.NativeMethodAccessorImpl.invoke0(Native Method)
at sun.reflect.NativeMethodAccessorImpl.invoke(NativeMethodAccessorImpl.java:62)
at sun.reflect.DelegatingMethodAccessorImpl.invoke(DelegatingMethodAccessorImpl.java:43)
at java.lang.reflect.Method.invoke(Method.java:498)
at org.testng.internal.MethodInvocationHelper.invokeMethod(MethodInvocationHelper.java:133)
at org.testng.internal.TestInvoker.invokeMethod(TestInvoker.java:584)
at org.testng.internal.TestInvoker.invokeTestMethod(TestInvoker.java:172)
at org.testng.internal.MethodRunner.runInSequence(MethodRunner.java:46)
at org.testng.internal.TestInvoker$MethodInvocationAgent.invoke(TestInvoker.java:804)
at org.testng.internal.TestInvoker.invokeTestMethods(TestInvoker.java:145)
at org.testng.internal.TestMethodWorker.invokeTestMethods(TestMethodWorker.java:146)
at org.testng.internal.TestMethodWorker.run(TestMethodWorker.java:128)
at java.util.ArrayList.forEach(ArrayList.java:1257)
at org.testng.TestRunner.privateRun(TestRunner.java:770)
at org.testng.TestRunner.run(TestRunner.java:591)
at org.testng.SuiteRunner.runTest(SuiteRunner.java:402)
at org.testng.SuiteRunner.runSequentially(SuiteRunner.java:396)
at org.testng.SuiteRunner.privateRun(SuiteRunner.java:355)
at org.testng.SuiteRunner.run(SuiteRunner.java:304)
at org.testng.SuiteRunnerWorker.runSuite(SuiteRunnerWorker.java:53)
at org.testng.SuiteRunnerWorker.run(SuiteRunnerWorker.java:96)
at org.testng.TestNG.runSuitesSequentially(TestNG.java:1180)
at org.testng.TestNG.runSuitesLocally(TestNG.java:1102)
at org.testng.TestNG.runSuites(TestNG.java:1032)
at org.testng.TestNG.run(TestNG.java:1000)
at org.apache.maven.surefire.testng.TestNGExecutor.run(TestNGExecutor.java:283)
at org.apache.maven.surefire.testng.TestNGXmlTestSuite.execute(TestNGXmlTestSuite.java:75)
at org.apache.maven.surefire.testng.TestNGProvider.invoke(TestNGProvider.java:120)
at org.apache.maven.surefire.booter.ForkedBooter.runSuitesInProcess(ForkedBooter.java:377)
at org.apache.maven.surefire.booter.ForkedBooter.execute(ForkedBooter.java:138)
at org.apache.maven.surefire.booter.ForkedBooter.run(ForkedBooter.java:465)
at org.apache.maven.surefire.booter.ForkedBooter.main(ForkedBooter.java:451)
]]>
            </full-stacktrace>
          </exception> <!-- java.lang.AssertionError -->
          <reporter-output>
          </reporter-output>
        </test-method> <!-- t1 -->
        <test-method status="PASS" signature="getResult(org.testng.ITestResult)[pri:0, instance:toDelete.BStack_test@1ed4004b]" name="getResult" is-config="true" duration-ms="4208" started-at="2020-06-14T18:11:30 IST" finished-at="2020-06-14T18:11:34 IST">
          <params>
            <param index="0">
              <value>
                <![CDATA[[TestResult name=t1 status=FAILURE method=BStack_test.t1()[pri:0, instance:toDelete.BStack_test@1ed4004b] output={null}]]]>
              </value>
            </param>
          </params>
          <reporter-output>
          </reporter-output>
        </test-method> <!-- getResult -->
        <test-method status="PASS" signature="t2()[pri:0, instance:toDelete.BStack_test@1ed4004b]" name="t2" duration-ms="4819" started-at="2020-06-14T18:11:34 IST" finished-at="2020-06-14T18:11:39 IST">
          <reporter-output>
          </reporter-output>
        </test-method> <!-- t2 -->
        <test-method status="PASS" signature="getResult(org.testng.ITestResult)[pri:0, instance:toDelete.BStack_test@1ed4004b]" name="getResult" is-config="true" duration-ms="47" started-at="2020-06-14T18:11:39 IST" finished-at="2020-06-14T18:11:39 IST">
          <params>
            <param index="0">
              <value>
                <![CDATA[[TestResult name=t2 status=SUCCESS method=BStack_test.t2()[pri:0, instance:toDelete.BStack_test@1ed4004b] output={null}]]]>
              </value>
            </param>
          </params>
          <reporter-output>
          </reporter-output>
        </test-method> <!-- getResult -->
        <test-method status="PASS" signature="af()[pri:0, instance:toDelete.BStack_test@1ed4004b]" name="af" is-config="true" duration-ms="1957" started-at="2020-06-14T18:11:39 IST" finished-at="2020-06-14T18:11:41 IST">
          <reporter-output>
          </reporter-output>
        </test-method> <!-- af -->
      </class> <!-- toDelete.BStack_test -->
    </test> <!-- Test1 -->
  </suite> <!-- Suite -->
</testng-results>
