<?xml version="1.0" encoding="UTF-8"?>
<testng-results skipped="0" failed="1" ignored="0" total="4" passed="3">
  <reporter-output>
  </reporter-output>
  <suite name="Suite" duration-ms="61009" started-at="2020-06-15T13:14:15 IST" finished-at="2020-06-15T13:15:16 IST">
    <groups>
    </groups>
    <test name="Test1" duration-ms="61009" started-at="2020-06-15T13:14:15 IST" finished-at="2020-06-15T13:15:16 IST">
      <class name="toDelete.BStack_test2">
        <test-method status="PASS" signature="bf()[pri:0, instance:toDelete.BStack_test2@6c49835d]" name="bf" is-config="true" duration-ms="22932" started-at="2020-06-15T13:14:43 IST" finished-at="2020-06-15T13:15:06 IST">
          <reporter-output>
          </reporter-output>
        </test-method> <!-- bf -->
        <test-method status="PASS" signature="t1Insta()[pri:0, instance:toDelete.BStack_test2@6c49835d]" name="t1Insta" duration-ms="4203" started-at="2020-06-15T13:15:06 IST" finished-at="2020-06-15T13:15:10 IST">
          <reporter-output>
          </reporter-output>
        </test-method> <!-- t1Insta -->
        <test-method status="PASS" signature="getResult(org.testng.ITestResult)[pri:0, instance:toDelete.BStack_test2@6c49835d]" name="getResult" is-config="true" duration-ms="85" started-at="2020-06-15T13:15:10 IST" finished-at="2020-06-15T13:15:10 IST">
          <params>
            <param index="0">
              <value>
                <![CDATA[[TestResult name=t1Insta status=SUCCESS method=BStack_test2.t1Insta()[pri:0, instance:toDelete.BStack_test2@6c49835d] output={null}]]]>
              </value>
            </param>
          </params>
          <reporter-output>
          </reporter-output>
        </test-method> <!-- getResult -->
        <test-method status="PASS" signature="t2Whatsapp()[pri:0, instance:toDelete.BStack_test2@6c49835d]" name="t2Whatsapp" duration-ms="3683" started-at="2020-06-15T13:15:10 IST" finished-at="2020-06-15T13:15:14 IST">
          <reporter-output>
          </reporter-output>
        </test-method> <!-- t2Whatsapp -->
        <test-method status="PASS" signature="getResult(org.testng.ITestResult)[pri:0, instance:toDelete.BStack_test2@6c49835d]" name="getResult" is-config="true" duration-ms="54" started-at="2020-06-15T13:15:14 IST" finished-at="2020-06-15T13:15:14 IST">
          <params>
            <param index="0">
              <value>
                <![CDATA[[TestResult name=t2Whatsapp status=SUCCESS method=BStack_test2.t2Whatsapp()[pri:0, instance:toDelete.BStack_test2@6c49835d] output={null}]]]>
              </value>
            </param>
          </params>
          <reporter-output>
          </reporter-output>
        </test-method> <!-- getResult -->
        <test-method status="PASS" signature="af()[pri:0, instance:toDelete.BStack_test2@6c49835d]" name="af" is-config="true" duration-ms="2444" started-at="2020-06-15T13:15:14 IST" finished-at="2020-06-15T13:15:16 IST">
          <reporter-output>
          </reporter-output>
        </test-method> <!-- af -->
      </class> <!-- toDelete.BStack_test2 -->
      <class name="toDelete.BStack_test1">
        <test-method status="PASS" signature="bf()[pri:0, instance:toDelete.BStack_test1@5a8806ef]" name="bf" is-config="true" duration-ms="9351" started-at="2020-06-15T13:14:15 IST" finished-at="2020-06-15T13:14:25 IST">
          <reporter-output>
          </reporter-output>
        </test-method> <!-- bf -->
        <test-method status="FAIL" signature="t1Google()[pri:0, instance:toDelete.BStack_test1@5a8806ef]" name="t1Google" duration-ms="4012" started-at="2020-06-15T13:14:25 IST" finished-at="2020-06-15T13:14:29 IST">
          <exception class="java.lang.AssertionError">
            <message>
              <![CDATA[did not expect to find [true] but found [false]]]>
            </message>
            <full-stacktrace>
              <![CDATA[java.lang.AssertionError: did not expect to find [true] but found [false]
at org.testng.Assert.fail(Assert.java:97)
at org.testng.Assert.failNotEquals(Assert.java:969)
at org.testng.Assert.assertTrue(Assert.java:43)
at org.testng.Assert.assertTrue(Assert.java:53)
at toDelete.BStack_test1.t1Google(BStack_test1.java:62)
at sun.reflect.NativeMethodAccessorImpl.invoke0(Native Method)
at sun.reflect.NativeMethodAccessorImpl.invoke(Unknown Source)
at sun.reflect.DelegatingMethodAccessorImpl.invoke(Unknown Source)
at java.lang.reflect.Method.invoke(Unknown Source)
at org.testng.internal.MethodInvocationHelper.invokeMethod(MethodInvocationHelper.java:133)
at org.testng.internal.TestInvoker.invokeMethod(TestInvoker.java:584)
at org.testng.internal.TestInvoker.invokeTestMethod(TestInvoker.java:172)
at org.testng.internal.MethodRunner.runInSequence(MethodRunner.java:46)
at org.testng.internal.TestInvoker$MethodInvocationAgent.invoke(TestInvoker.java:804)
at org.testng.internal.TestInvoker.invokeTestMethods(TestInvoker.java:145)
at org.testng.internal.TestMethodWorker.invokeTestMethods(TestMethodWorker.java:146)
at org.testng.internal.TestMethodWorker.run(TestMethodWorker.java:128)
at java.util.ArrayList.forEach(Unknown Source)
at org.testng.TestRunner.privateRun(TestRunner.java:770)
at org.testng.TestRunner.run(TestRunner.java:591)
at org.testng.SuiteRunner.runTest(SuiteRunner.java:402)
at org.testng.SuiteRunner.runSequentially(SuiteRunner.java:396)
at org.testng.SuiteRunner.privateRun(SuiteRunner.java:355)
at org.testng.SuiteRunner.run(SuiteRunner.java:304)
at org.testng.SuiteRunnerWorker.runSuite(SuiteRunnerWorker.java:53)
at org.testng.SuiteRunnerWorker.run(SuiteRunnerWorker.java:96)
at org.testng.TestNG.runSuitesSequentially(TestNG.java:1180)
at org.testng.TestNG.runSuitesLocally(TestNG.java:1102)
at org.testng.TestNG.runSuites(TestNG.java:1032)
at org.testng.TestNG.run(TestNG.java:1000)
at org.testng.remote.AbstractRemoteTestNG.run(AbstractRemoteTestNG.java:115)
at org.testng.remote.RemoteTestNG.initAndRun(RemoteTestNG.java:251)
at org.testng.remote.RemoteTestNG.main(RemoteTestNG.java:77)
]]>
            </full-stacktrace>
          </exception> <!-- java.lang.AssertionError -->
          <reporter-output>
          </reporter-output>
        </test-method> <!-- t1Google -->
        <test-method status="PASS" signature="getResult(org.testng.ITestResult)[pri:0, instance:toDelete.BStack_test1@5a8806ef]" name="getResult" is-config="true" duration-ms="919" started-at="2020-06-15T13:14:29 IST" finished-at="2020-06-15T13:14:30 IST">
          <params>
            <param index="0">
              <value>
                <![CDATA[[TestResult name=t1Google status=FAILURE method=BStack_test1.t1Google()[pri:0, instance:toDelete.BStack_test1@5a8806ef] output={null}]]]>
              </value>
            </param>
          </params>
          <reporter-output>
          </reporter-output>
        </test-method> <!-- getResult -->
        <test-method status="PASS" signature="t2FB()[pri:0, instance:toDelete.BStack_test1@5a8806ef]" name="t2FB" duration-ms="11485" started-at="2020-06-15T13:14:30 IST" finished-at="2020-06-15T13:14:41 IST">
          <reporter-output>
          </reporter-output>
        </test-method> <!-- t2FB -->
        <test-method status="PASS" signature="getResult(org.testng.ITestResult)[pri:0, instance:toDelete.BStack_test1@5a8806ef]" name="getResult" is-config="true" duration-ms="75" started-at="2020-06-15T13:14:41 IST" finished-at="2020-06-15T13:14:41 IST">
          <params>
            <param index="0">
              <value>
                <![CDATA[[TestResult name=t2FB status=SUCCESS method=BStack_test1.t2FB()[pri:0, instance:toDelete.BStack_test1@5a8806ef] output={null}]]]>
              </value>
            </param>
          </params>
          <reporter-output>
          </reporter-output>
        </test-method> <!-- getResult -->
        <test-method status="PASS" signature="af()[pri:0, instance:toDelete.BStack_test1@5a8806ef]" name="af" is-config="true" duration-ms="1683" started-at="2020-06-15T13:14:41 IST" finished-at="2020-06-15T13:14:43 IST">
          <reporter-output>
          </reporter-output>
        </test-method> <!-- af -->
      </class> <!-- toDelete.BStack_test1 -->
    </test> <!-- Test1 -->
  </suite> <!-- Suite -->
</testng-results>
